# JRE version: Java(TM) SE Runtime Environment (8.0_191-b12) (build 1.8.0_191-b12)
# Java VM: Java HotSpot(TM) Client VM (25.191-b12 mixed mode windows-x86 )
Heap:
 def new generation   total 94400K, used 81987K [0x05200000, 0x0b860000, 0x0fca0000)
  eden space 83968K,  97% used [0x05200000, 0x0a2108f0, 0x0a400000)
  from space 10432K,   0% used [0x0a400000, 0x0a400350, 0x0ae30000)
  to   space 10432K,   0% used [0x0ae30000, 0x0ae30000, 0x0b860000)
 tenured generation   total 209596K, used 131781K [0x0fca0000, 0x1c94f000, 0x25200000)
   the space 209596K,  62% used [0x0fca0000, 0x17d51548, 0x17d51600, 0x1c94f000)
 Metaspace       used 22593K, capacity 23167K, committed 23296K, reserved 23936K
GC Heap History (10 events):
Event: 1234211.457 GC heap before
{Heap before GC invocations=608 (full 4):
 def new generation   total 94400K, used 83968K [0x05200000, 0x0b860000, 0x0fca0000)
  eden space 83968K, 100% used [0x05200000, 0x0a400000, 0x0a400000)
  from space 10432K,   0% used [0x0ae30000, 0x0ae30380, 0x0b860000)
  to   space 10432K,   0% used [0x0a400000, 0x0a400000, 0x0ae30000)
 tenured generation   total 209596K, used 131781K [0x0fca0000, 0x1c94f000, 0x25200000)
   the space 209596K,  62% used [0x0fca0000, 0x17d51548, 0x17d51600, 0x1c94f000)
 Metaspace       used 22593K, capacity 23167K, committed 23296K, reserved 23936K
Event: 1234211.461 GC heap after
Heap after GC invocations=609 (full 4):
 def new generation   total 94400K, used 5K [0x05200000, 0x0b860000, 0x0fca0000)
  eden space 83968K,   0% used [0x05200000, 0x05200000, 0x0a400000)
  from space 10432K,   0% used [0x0a400000, 0x0a4015a8, 0x0ae30000)
  to   space 10432K,   0% used [0x0ae30000, 0x0ae30000, 0x0b860000)
 tenured generation   total 209596K, used 131781K [0x0fca0000, 0x1c94f000, 0x25200000)
   the space 209596K,  62% used [0x0fca0000, 0x17d51548, 0x17d51600, 0x1c94f000)
 Metaspace       used 22593K, capacity 23167K, committed 23296K, reserved 23936K
}
Event: 1235607.985 GC heap before
{Heap before GC invocations=609 (full 4):
 def new generation   total 94400K, used 83973K [0x05200000, 0x0b860000, 0x0fca0000)
  eden space 83968K, 100% used [0x05200000, 0x0a400000, 0x0a400000)
  from space 10432K,   0% used [0x0a400000, 0x0a4015a8, 0x0ae30000)
  to   space 10432K,   0% used [0x0ae30000, 0x0ae30000, 0x0b860000)
 tenured generation   total 209596K, used 131781K [0x0fca0000, 0x1c94f000, 0x25200000)
   the space 209596K,  62% used [0x0fca0000, 0x17d51548, 0x17d51600, 0x1c94f000)
 Metaspace       used 22593K, capacity 23167K, committed 23296K, reserved 23936K
Event: 1235607.989 GC heap after
Heap after GC invocations=610 (full 4):
 def new generation   total 94400K, used 1K [0x05200000, 0x0b860000, 0x0fca0000)
  eden space 83968K,   0% used [0x05200000, 0x05200000, 0x0a400000)
  from space 10432K,   0% used [0x0ae30000, 0x0ae30408, 0x0b860000)
  to   space 10432K,   0% used [0x0a400000, 0x0a400000, 0x0ae30000)
 tenured generation   total 209596K, used 131781K [0x0fca0000, 0x1c94f000, 0x25200000)
   the space 209596K,  62% used [0x0fca0000, 0x17d51548, 0x17d51600, 0x1c94f000)
 Metaspace       used 22593K, capacity 23167K, committed 23296K, reserved 23936K
}
Event: 1237013.066 GC heap before
{Heap before GC invocations=610 (full 4):
 def new generation   total 94400K, used 83969K [0x05200000, 0x0b860000, 0x0fca0000)
  eden space 83968K, 100% used [0x05200000, 0x0a400000, 0x0a400000)
  from space 10432K,   0% used [0x0ae30000, 0x0ae30408, 0x0b860000)
  to   space 10432K,   0% used [0x0a400000, 0x0a400000, 0x0ae30000)
 tenured generation   total 209596K, used 131781K [0x0fca0000, 0x1c94f000, 0x25200000)
   the space 209596K,  62% used [0x0fca0000, 0x17d51548, 0x17d51600, 0x1c94f000)
 Metaspace       used 22593K, capacity 23167K, committed 23296K, reserved 23936K
Event: 1237013.068 GC heap after
Heap after GC invocations=611 (full 4):
 def new generation   total 94400K, used 1K [0x05200000, 0x0b860000, 0x0fca0000)
  eden space 83968K,   0% used [0x05200000, 0x05200000, 0x0a400000)
  from space 10432K,   0% used [0x0a400000, 0x0a400498, 0x0ae30000)
  to   space 10432K,   0% used [0x0ae30000, 0x0ae30000, 0x0b860000)
 tenured generation   total 209596K, used 131781K [0x0fca0000, 0x1c94f000, 0x25200000)
   the space 209596K,  62% used [0x0fca0000, 0x17d51548, 0x17d51600, 0x1c94f000)
 Metaspace       used 22593K, capacity 23167K, committed 23296K, reserved 23936K
}
Event: 1238408.950 GC heap before
{Heap before GC invocations=611 (full 4):
 def new generation   total 94400K, used 83969K [0x05200000, 0x0b860000, 0x0fca0000)
  eden space 83968K, 100% used [0x05200000, 0x0a400000, 0x0a400000)
  from space 10432K,   0% used [0x0a400000, 0x0a400498, 0x0ae30000)
  to   space 10432K,   0% used [0x0ae30000, 0x0ae30000, 0x0b860000)
 tenured generation   total 209596K, used 131781K [0x0fca0000, 0x1c94f000, 0x25200000)
   the space 209596K,  62% used [0x0fca0000, 0x17d51548, 0x17d51600, 0x1c94f000)
 Metaspace       used 22593K, capacity 23167K, committed 23296K, reserved 23936K
Event: 1238408.953 GC heap after
Heap after GC invocations=612 (full 4):
 def new generation   total 94400K, used 1K [0x05200000, 0x0b860000, 0x0fca0000)
  eden space 83968K,   0% used [0x05200000, 0x05200000, 0x0a400000)
  from space 10432K,   0% used [0x0ae30000, 0x0ae30478, 0x0b860000)
  to   space 10432K,   0% used [0x0a400000, 0x0a400000, 0x0ae30000)
 tenured generation   total 209596K, used 131781K [0x0fca0000, 0x1c94f000, 0x25200000)
   the space 209596K,  62% used [0x0fca0000, 0x17d51548, 0x17d51600, 0x1c94f000)
 Metaspace       used 22593K, capacity 23167K, committed 23296K, reserved 23936K
}
Event: 1239800.377 GC heap before
{Heap before GC invocations=612 (full 4):
 def new generation   total 94400K, used 83969K [0x05200000, 0x0b860000, 0x0fca0000)
  eden space 83968K, 100% used [0x05200000, 0x0a400000, 0x0a400000)
  from space 10432K,   0% used [0x0ae30000, 0x0ae30478, 0x0b860000)
  to   space 10432K,   0% used [0x0a400000, 0x0a400000, 0x0ae30000)
 tenured generation   total 209596K, used 131781K [0x0fca0000, 0x1c94f000, 0x25200000)
   the space 209596K,  62% used [0x0fca0000, 0x17d51548, 0x17d51600, 0x1c94f000)
 Metaspace       used 22593K, capacity 23167K, committed 23296K, reserved 23936K
Event: 1239800.380 GC heap after
Heap after GC invocations=613 (full 4):
 def new generation   total 94400K, used 0K [0x05200000, 0x0b860000, 0x0fca0000)
  eden space 83968K,   0% used [0x05200000, 0x05200000, 0x0a400000)
  from space 10432K,   0% used [0x0a400000, 0x0a400350, 0x0ae30000)
  to   space 10432K,   0% used [0x0ae30000, 0x0ae30000, 0x0b860000)
 tenured generation   total 209596K, used 131781K [0x0fca0000, 0x1c94f000, 0x25200000)
   the space 209596K,  62% used [0x0fca0000, 0x17d51548, 0x17d51600, 0x1c94f000)
 Metaspace       used 22593K, capacity 23167K, committed 23296K, reserved 23936K
}

